<?xml version="1.0" encoding="UTF-8"?>
<!-- Generated by org.testng.reporters.JUnitXMLReporter -->
<testsuite hostname="MADNESS" name="Test" tests="1" failures="1" timestamp="1 May 2017 21:02:54 GMT" time="6.343" errors="0">
  <testcase name="verifySearchButton" time="2.539" classname="com.mavenproject.LoadTest01">
    <failure type="java.lang.AssertionError" message="Text not found! expected [Buscar  Google] but found [Buscar con Google]">
      <![CDATA[java.lang.AssertionError: Text not found! expected [Buscar  Google] but found [Buscar con Google]
	at com.mavenproject.LoadTest01.verifySearchButton(LoadTest01.java:48)
... Removed 32 stack frames]]>
    </failure>
  </testcase> <!-- verifySearchButton -->
</testsuite> <!-- Test -->
